<?xml version="1.0" encoding="UTF-8"?>
<testng-results skipped="0" failed="0" ignored="0" total="1" passed="1">
  <reporter-output>
  </reporter-output>
  <suite name="Default suite" duration-ms="8662" started-at="2020-08-29T05:36:26 EDT" finished-at="2020-08-29T05:36:34 EDT">
    <groups>
    </groups>
    <test name="Default test" duration-ms="8662" started-at="2020-08-29T05:36:26 EDT" finished-at="2020-08-29T05:36:34 EDT">
      <class name="config.InitializeBrowser">
        <test-method status="PASS" signature="beforeClass()[pri:0, instance:config.InitializeBrowser@4d95d2a2]" name="beforeClass" is-config="true" duration-ms="6110" started-at="2020-08-29T05:36:26 EDT" finished-at="2020-08-29T05:36:32 EDT">
          <reporter-output>
          </reporter-output>
        </test-method> <!-- beforeClass -->
        <test-method status="PASS" signature="launch()[pri:0, instance:config.InitializeBrowser@4d95d2a2]" name="launch" duration-ms="1878" started-at="2020-08-29T05:36:32 EDT" finished-at="2020-08-29T05:36:34 EDT">
          <reporter-output>
          </reporter-output>
        </test-method> <!-- launch -->
        <test-method status="PASS" signature="afterClass()[pri:0, instance:config.InitializeBrowser@4d95d2a2]" name="afterClass" is-config="true" duration-ms="628" started-at="2020-08-29T05:36:34 EDT" finished-at="2020-08-29T05:36:34 EDT">
          <reporter-output>
          </reporter-output>
        </test-method> <!-- afterClass -->
      </class> <!-- config.InitializeBrowser -->
    </test> <!-- Default test -->
  </suite> <!-- Default suite -->
</testng-results>
